<?xml version="1.0" encoding="UTF-8"?>
<testng-results skipped="0" failed="0" ignored="0" total="1" passed="1">
  <reporter-output>
  </reporter-output>
  <suite name="Default suite" duration-ms="27521" started-at="2019-12-07T23:18:10Z" finished-at="2019-12-07T23:18:37Z">
    <groups>
    </groups>
    <test name="Default test" duration-ms="27521" started-at="2019-12-07T23:18:10Z" finished-at="2019-12-07T23:18:37Z">
      <class name="org.techAltum.com.NaukriTest">
        <test-method status="PASS" signature="beforeClass()[pri:0, instance:org.techAltum.com.NaukriTest@5f2108b5]" name="beforeClass" is-config="true" duration-ms="157" started-at="2019-12-07T23:18:10Z" finished-at="2019-12-07T23:18:10Z">
          <reporter-output>
          </reporter-output>
        </test-method> <!-- beforeClass -->
        <test-method status="PASS" signature="openBrowser()[pri:0, instance:org.techAltum.com.NaukriTest@5f2108b5]" name="openBrowser" is-config="true" duration-ms="10618" started-at="2019-12-07T23:18:10Z" finished-at="2019-12-07T23:18:20Z">
          <reporter-output>
          </reporter-output>
        </test-method> <!-- openBrowser -->
        <test-method status="PASS" signature="naukriTest()[pri:0, instance:org.techAltum.com.NaukriTest@5f2108b5]" name="naukriTest" duration-ms="15745" started-at="2019-12-07T23:18:20Z" finished-at="2019-12-07T23:18:36Z">
          <reporter-output>
          </reporter-output>
        </test-method> <!-- naukriTest -->
        <test-method status="PASS" signature="quitBrowser(org.testng.ITestResult)[pri:0, instance:org.techAltum.com.NaukriTest@5f2108b5]" name="quitBrowser" is-config="true" duration-ms="749" started-at="2019-12-07T23:18:36Z" finished-at="2019-12-07T23:18:37Z">
          <params>
            <param index="0">
              <value>
                <![CDATA[[TestResult name=naukriTest status=SUCCESS method=NaukriTest.naukriTest()[pri:0, instance:org.techAltum.com.NaukriTest@5f2108b5] output={null}]]]>
              </value>
            </param>
          </params>
          <reporter-output>
          </reporter-output>
        </test-method> <!-- quitBrowser -->
        <test-method status="PASS" signature="afterClass()[pri:0, instance:org.techAltum.com.NaukriTest@5f2108b5]" name="afterClass" is-config="true" duration-ms="235" started-at="2019-12-07T23:18:37Z" finished-at="2019-12-07T23:18:37Z">
          <reporter-output>
          </reporter-output>
        </test-method> <!-- afterClass -->
      </class> <!-- org.techAltum.com.NaukriTest -->
    </test> <!-- Default test -->
  </suite> <!-- Default suite -->
</testng-results>
